# JRE version: OpenJDK Runtime Environment (24.0.1+9) (build 24.0.1+9-30)
# Java VM: OpenJDK 64-Bit Server VM (24.0.1+9-30, mixed mode, sharing, tiered, compressed oops, compressed class ptrs, g1 gc, windows-amd64)
GC Precious Log:
 CardTable entry size: 512
 Card Set container configuration: InlinePtr #cards 5 size 8 Array Of Cards #cards 10 size 36 Howl #buckets 4 coarsen threshold 1843 Howl Bitmap #cards 512 size 80 coarsen threshold 460 Card regions per heap region 1 cards per card region 2048
 CPUs: 16 total, 16 available
 Memory: 7631M
 Large Page Support: Disabled
 NUMA Support: Disabled
 Compressed Oops: Enabled (32-bit)
 Heap Region Size: 1M
 Heap Min Capacity: 8M
 Heap Initial Capacity: 120M
 Heap Max Capacity: 1908M
 Pre-touch: Disabled
 Parallel Workers: 13
 Concurrent Workers: 3
 Concurrent Refinement Workers: 13
 Periodic GC: Disabled
Heap:
 garbage-first heap   total reserved 1953792K, committed 339968K, used 152077K [0x0000000088c00000, 0x0000000100000000)
  region size 1024K, 3 young (3072K), 3 survivors (3072K)
 Metaspace       used 6437K, committed 6656K, reserved 1114112K
  class space    used 563K, committed 640K, reserved 1048576K
GC Heap History (15 events):
Event: 0.571 GC heap before
{Heap before GC invocations=0 (full 0):
 garbage-first heap   total reserved 1953792K, committed 124928K, used 90224K [0x0000000088c00000, 0x0000000100000000)
  region size 1024K, 47 young (48128K), 0 survivors (0K)
 Metaspace       used 3592K, committed 3712K, reserved 1114112K
  class space    used 281K, committed 320K, reserved 1048576K
}
Event: 0.575 GC heap after
{Heap after GC invocations=1 (full 0):
 garbage-first heap   total reserved 1953792K, committed 124928K, used 22448K [0x0000000088c00000, 0x0000000100000000)
  region size 1024K, 2 young (2048K), 2 survivors (2048K)
 Metaspace       used 3592K, committed 3712K, reserved 1114112K
  class space    used 281K, committed 320K, reserved 1048576K
}
Event: 0.677 GC heap before
{Heap before GC invocations=1 (full 0):
 garbage-first heap   total reserved 1953792K, committed 124928K, used 52144K [0x0000000088c00000, 0x0000000100000000)
  region size 1024K, 32 young (32768K), 2 survivors (2048K)
 Metaspace       used 4256K, committed 4352K, reserved 1114112K
  class space    used 336K, committed 384K, reserved 1048576K
}
Event: 0.682 GC heap after
{Heap after GC invocations=2 (full 0):
 garbage-first heap   total reserved 1953792K, committed 124928K, used 22640K [0x0000000088c00000, 0x0000000100000000)
  region size 1024K, 2 young (2048K), 2 survivors (2048K)
 Metaspace       used 4256K, committed 4352K, reserved 1114112K
  class space    used 336K, committed 384K, reserved 1048576K
}
Event: 0.888 GC heap before
{Heap before GC invocations=2 (full 0):
 garbage-first heap   total reserved 1953792K, committed 124928K, used 118896K [0x0000000088c00000, 0x0000000100000000)
  region size 1024K, 59 young (60416K), 2 survivors (2048K)
 Metaspace       used 5818K, committed 5952K, reserved 1114112K
  class space    used 482K, committed 512K, reserved 1048576K
}
Event: 0.892 GC heap after
{Heap after GC invocations=3 (full 0):
 garbage-first heap   total reserved 1953792K, committed 124928K, used 41246K [0x0000000088c00000, 0x0000000100000000)
  region size 1024K, 3 young (3072K), 3 survivors (3072K)
 Metaspace       used 5818K, committed 5952K, reserved 1114112K
  class space    used 482K, committed 512K, reserved 1048576K
}
Event: 0.916 GC heap before
{Heap before GC invocations=3 (full 0):
 garbage-first heap   total reserved 1953792K, committed 124928K, used 48414K [0x0000000088c00000, 0x0000000100000000)
  region size 1024K, 11 young (11264K), 3 survivors (3072K)
 Metaspace       used 5831K, committed 5952K, reserved 1114112K
  class space    used 483K, committed 512K, reserved 1048576K
}
Event: 0.919 GC heap after
{Heap after GC invocations=4 (full 0):
 garbage-first heap   total reserved 1953792K, committed 124928K, used 41471K [0x0000000088c00000, 0x0000000100000000)
  region size 1024K, 3 young (3072K), 3 survivors (3072K)
 Metaspace       used 5831K, committed 5952K, reserved 1114112K
  class space    used 483K, committed 512K, reserved 1048576K
}
Event: 1.167 GC heap before
{Heap before GC invocations=4 (full 0):
 garbage-first heap   total reserved 1953792K, committed 191488K, used 172543K [0x0000000088c00000, 0x0000000100000000)
  region size 1024K, 58 young (59392K), 3 survivors (3072K)
 Metaspace       used 6437K, committed 6656K, reserved 1114112K
  class space    used 563K, committed 640K, reserved 1048576K
}
Event: 1.170 GC heap after
{Heap after GC invocations=5 (full 0):
 garbage-first heap   total reserved 1953792K, committed 191488K, used 78530K [0x0000000088c00000, 0x0000000100000000)
  region size 1024K, 3 young (3072K), 3 survivors (3072K)
 Metaspace       used 6437K, committed 6656K, reserved 1114112K
  class space    used 563K, committed 640K, reserved 1048576K
}
Event: 1.404 GC heap before
{Heap before GC invocations=5 (full 0):
 garbage-first heap   total reserved 1953792K, committed 191488K, used 157378K [0x0000000088c00000, 0x0000000100000000)
  region size 1024K, 80 young (81920K), 3 survivors (3072K)
 Metaspace       used 6437K, committed 6656K, reserved 1114112K
  class space    used 563K, committed 640K, reserved 1048576K
}
Event: 1.406 GC heap after
{Heap after GC invocations=6 (full 0):
 garbage-first heap   total reserved 1953792K, committed 191488K, used 78360K [0x0000000088c00000, 0x0000000100000000)
  region size 1024K, 3 young (3072K), 3 survivors (3072K)
 Metaspace       used 6437K, committed 6656K, reserved 1114112K
  class space    used 563K, committed 640K, reserved 1048576K
}
Event: 1.418 GC heap before
{Heap before GC invocations=6 (full 0):
 garbage-first heap   total reserved 1953792K, committed 191488K, used 81432K [0x0000000088c00000, 0x0000000100000000)
  region size 1024K, 7 young (7168K), 3 survivors (3072K)
 Metaspace       used 6437K, committed 6656K, reserved 1114112K
  class space    used 563K, committed 640K, reserved 1048576K
}
Event: 1.420 GC heap after
{Heap after GC invocations=7 (full 0):
 garbage-first heap   total reserved 1953792K, committed 191488K, used 78447K [0x0000000088c00000, 0x0000000100000000)
  region size 1024K, 3 young (3072K), 3 survivors (3072K)
 Metaspace       used 6437K, committed 6656K, reserved 1114112K
  class space    used 563K, committed 640K, reserved 1048576K
}
Event: 1.722 GC heap before
{Heap before GC invocations=7 (full 0):
 garbage-first heap   total reserved 1953792K, committed 339968K, used 308847K [0x0000000088c00000, 0x0000000100000000)
  region size 1024K, 83 young (84992K), 3 survivors (3072K)
 Metaspace       used 6437K, committed 6656K, reserved 1114112K
  class space    used 563K, committed 640K, reserved 1048576K
}

